\BOOKMARK [0][-]{chapter*.1}{Dedicat\363ria}{}% 1
\BOOKMARK [0][-]{chapter*.2}{Agradecimentos}{}% 2
\BOOKMARK [0][-]{chapter*.3}{Resumo}{}% 3
\BOOKMARK [0][-]{chapter*.4}{Abstract}{}% 4
\BOOKMARK [0][-]{chapter*.5}{Lista de Figuras}{}% 5
\BOOKMARK [0][-]{chapter*.10}{Lista de Tabelas}{}% 6
\BOOKMARK [0][-]{chapter*.12}{Lista de Algoritmos}{}% 7
\BOOKMARK [0][-]{chapter*.13}{Lista de Abreviaturas}{}% 8
\BOOKMARK [0][-]{chapter.1}{Introdu\347\343o}{}% 9
\BOOKMARK [1][-]{section.1.1}{Motiva\347\343o}{chapter.1}% 10
\BOOKMARK [1][-]{section.1.2}{Objetivos}{chapter.1}% 11
\BOOKMARK [1][-]{section.1.3}{Abordagem}{chapter.1}% 12
\BOOKMARK [1][-]{section.1.4}{Plano de Trabalho}{chapter.1}% 13
\BOOKMARK [1][-]{section.1.5}{Organiza\347\343o do Trabalho}{chapter.1}% 14
\BOOKMARK [0][-]{chapter.2}{Locomo\347\343o Human\363ide}{}% 15
\BOOKMARK [1][-]{section.2.1}{Locomo\347\343o Rob\363tica B\355pede}{chapter.2}% 16
\BOOKMARK [2][-]{subsection.2.1.1}{Locomo\347\343o Baseada em Modelo}{section.2.1}% 17
\BOOKMARK [3][-]{subsubsection.2.1.1.1}{Zero Moment Point}{subsection.2.1.1}% 18
\BOOKMARK [2][-]{subsection.2.1.2}{Locomo\347\343o Livre de Modelo}{section.2.1}% 19
\BOOKMARK [1][-]{section.2.2}{S\351rie de Fourier Truncada para Locomo\347\343o B\355pede}{chapter.2}% 20
\BOOKMARK [2][-]{subsection.2.2.1}{Extens\343o com Movimento de Bra\347os}{section.2.2}% 21
\BOOKMARK [2][-]{subsection.2.2.2}{Extens\343o com Movimento Coronal}{section.2.2}% 22
\BOOKMARK [0][-]{chapter.3}{Algoritmos de Otimiza\347\343o}{}% 23
\BOOKMARK [1][-]{section.3.1}{Algoritmo Gen\351tico}{chapter.3}% 24
\BOOKMARK [2][-]{section*.16}{Cromossomo}{section.3.1}% 25
\BOOKMARK [2][-]{section*.16}{Fun\347\343o de Fitness}{section.3.1}% 26
\BOOKMARK [2][-]{section*.16}{Sele\347\343o}{section.3.1}% 27
\BOOKMARK [2][-]{section*.16}{Muta\347\343o}{section.3.1}% 28
\BOOKMARK [2][-]{section*.16}{Crossover}{section.3.1}% 29
\BOOKMARK [2][-]{section*.16}{Sobreviv\352ncia dos Mais Aptos}{section.3.1}% 30
\BOOKMARK [1][-]{section.3.2}{Particle Swarm Optimization}{chapter.3}% 31
\BOOKMARK [0][-]{chapter.4}{Tecnologias Utilizadas}{}% 32
\BOOKMARK [1][-]{section.4.1}{USARSim}{chapter.4}% 33
\BOOKMARK [2][-]{subsection.4.1.1}{Nvidia PhysX}{section.4.1}% 34
\BOOKMARK [2][-]{subsection.4.1.2}{UDK Editor}{section.4.1}% 35
\BOOKMARK [2][-]{subsection.4.1.3}{UnrealScript}{section.4.1}% 36
\BOOKMARK [2][-]{subsection.4.1.4}{Implementa\347\343o de Rob\364s em USARSim}{section.4.1}% 37
\BOOKMARK [2][-]{subsection.4.1.5}{Comunica\347\343o entre Agentes e USARSim}{section.4.1}% 38
\BOOKMARK [1][-]{section.4.2}{Robonova-I}{chapter.4}% 39
\BOOKMARK [0][-]{chapter.5}{Modelo de Simula\347\343o}{}% 40
\BOOKMARK [1][-]{section.5.1}{Modelos CAD}{chapter.5}% 41
\BOOKMARK [1][-]{section.5.2}{Configura\347\343o no UDK Editor}{chapter.5}% 42
\BOOKMARK [2][-]{subsection.5.2.1}{Implementa\347\343o no USARSim}{section.5.2}% 43
\BOOKMARK [0][-]{chapter.6}{Programa do Agente}{}% 44
\BOOKMARK [1][-]{section.6.1}{Comunica\347\343o}{chapter.6}% 45
\BOOKMARK [1][-]{section.6.2}{Interface}{chapter.6}% 46
\BOOKMARK [1][-]{section.6.3}{Controle}{chapter.6}% 47
\BOOKMARK [0][-]{chapter.7}{Processo de Otimiza\347\343o}{}% 48
\BOOKMARK [1][-]{section.7.1}{Modelos de Caminhada}{chapter.7}% 49
\BOOKMARK [1][-]{section.7.2}{Configura\347\343o dos Algoritmos de Otimiza\347\343o}{chapter.7}% 50
\BOOKMARK [2][-]{subsection.7.2.1}{Configura\347\343o do Algoritmo Gen\351tico}{section.7.2}% 51
\BOOKMARK [2][-]{subsection.7.2.2}{Configura\347\343o do Particle Swarm Optimization}{section.7.2}% 52
\BOOKMARK [1][-]{section.7.3}{Montagem do Experimento Simulado}{chapter.7}% 53
\BOOKMARK [1][-]{section.7.4}{Resultados e Discuss\365es}{chapter.7}% 54
\BOOKMARK [0][-]{chapter.8}{Transfer\352ncia para o Rob\364 Real}{}% 55
\BOOKMARK [1][-]{section.8.1}{Desafios Envolvidos}{chapter.8}% 56
\BOOKMARK [1][-]{section.8.2}{Processo de Transfer\352ncia}{chapter.8}% 57
\BOOKMARK [0][-]{chapter.9}{Valida\347\343o com Outro Rob\364}{}% 58
\BOOKMARK [1][-]{section.9.1}{RoboCup 3D Soccer Simulation League}{chapter.9}% 59
\BOOKMARK [1][-]{section.9.2}{Implementa\347\343o}{chapter.9}% 60
\BOOKMARK [1][-]{section.9.3}{Processo de Otimiza\347\343o}{chapter.9}% 61
\BOOKMARK [0][-]{chapter.10}{Conclus\365es e Trabalhos Futuros}{}% 62
\BOOKMARK [1][-]{section.10.1}{Conclus\343o}{chapter.10}% 63
\BOOKMARK [1][-]{section.10.2}{Trabalhos Futuros}{chapter.10}% 64
\BOOKMARK [0][-]{section.10.2}{Refer\352ncias}{}% 65
